{"level":"info","message":"Starting puppeteer!"}
{"level":"info","message":"Opening browser"}
{"level":"info","message":"Opening whatsapp web..."}
{"level":"info","message":"done..."}
undefined [undefined] info: Starting puppeteer!
undefined [undefined] info: Opening browser
undefined [undefined] info: Opening whatsapp web...
undefined [undefined] info: done...
info: Starting puppeteer!
info: Opening browser
info: Opening whatsapp web...
info: done...
info: Starting puppeteer!
info: Opening browser
info: Opening whatsapp web...
info: done...
info: Starting puppeteer!
info: Opening browser
info: Opening whatsapp web...
info: Waiting to load...
info: Starting puppeteer!
info: Opening browser
info: Opening whatsapp web...
info: Waiting to load...
info: Starting puppeteer!
info: Opening browser
info: Opening whatsapp web...
info: Waiting to load...
info: Starting puppeteer!
info: Opening browser
info: Opening whatsapp web...
info: Waiting to load...
info: Starting puppeteer!
info: Opening browser
info: Opening whatsapp web...
info: Waiting to load...
info: Checking login status..
info: Starting puppeteer!
info: Opening browser
info: Opening whatsapp web...
info: Waiting to load...
info: Checking login status..
info: Starting puppeteer!
info: Opening browser
info: Opening whatsapp web...
info: Waiting to load...
info: Checking login status..
info: Starting puppeteer!
info: Opening browser
info: Opening whatsapp web...
info: Waiting to load...
info: Starting puppeteer!
info: Opening browser
info: Opening whatsapp web...
info: Waiting to load...
info: Starting puppeteer!
info: Opening browser
info: Opening whatsapp web...
info: Waiting to load...
info: Checking login status..
info: Starting puppeteer!
info: Opening browser
info: Opening whatsapp web...
info: Waiting to load...
info: Checking login status..
info: Starting puppeteer!
info: Opening browser
info: Opening whatsapp web...
info: Waiting to load...
info: Starting puppeteer!
info: Opening browser
info: Opening whatsapp web...
info: Waiting to load...
info: Checking login status..
info: Starting puppeteer!
info: Opening browser
info: Opening whatsapp web...
info: Waiting to load...
info: Checking login status..
info: Starting puppeteer!
info: Opening browser
info: Opening whatsapp web...
info: Waiting to load...
info: Checking login status..
info: Not logged! Getting QRCode!
info: Starting puppeteer!
info: Opening browser
info: Opening whatsapp web...
info: Waiting to load...
info: Checking login status..
info: Not logged! Getting QRCode!
info: Starting puppeteer!
info: Opening browser
info: Opening whatsapp web...
info: Waiting to load...
info: Checking login status..
info: Not logged! Getting QRCode!
info: Starting puppeteer!
info: Opening browser
info: Opening whatsapp web...
info: Waiting to load...
info: Checking login status..
info: Not logged! Getting QRCode!
info: Starting puppeteer!
info: Opening browser
info: Opening whatsapp web...
info: Waiting to load...
info: Checking login status..
info: Not logged! Getting QRCode!
info: Starting puppeteer!
info: Opening browser
info: Opening whatsapp web...
info: Waiting to load...
info: Checking login status..
info: Not logged! Getting QRCode!
info: Starting puppeteer!
info: Opening browser
info: Opening whatsapp web...
info: Waiting to load...
info: Checking login status..
info: Ok to go = )!
info: Starting puppeteer!
info: Opening browser
info: Opening whatsapp web...
info: Waiting to load...
info: Checking login status..
info: Not logged! Getting QRCode!
info: Please scan `qrcode.png`...
info: Checking login status..
info: Not logged! Getting QRCode!
info: Please scan `qrcode.png`...
info: Checking login status..
info: Not logged! Getting QRCode!
info: Please scan `qrcode.png`...
info: Checking login status..
info: Not logged! Getting QRCode!
info: Please scan `qrcode.png`...
info: Checking login status..
info: Not logged! Getting QRCode!
info: Please scan `qrcode.png`...
info: Checking login status..
info: Not logged! Getting QRCode!
info: Please scan `qrcode.png`...
info: Checking login status..
info: Not logged! Getting QRCode!
info: Please scan `qrcode.png`...
info: Checking login status..
info: Not logged! Getting QRCode!
info: Please scan `qrcode.png`...
info: Checking login status..
info: Not logged! Getting QRCode!
info: Please scan `qrcode.png`...
info: Starting puppeteer!
info: Opening browser
info: Opening whatsapp web...
info: Waiting to load...
info: Checking login status..
info: Not logged! Getting QRCode!
info: Please scan `qrcode.png`...
info: Checking login status..
info: Ok to go = )!
info: Starting puppeteer!
info: Opening browser
info: Opening whatsapp web...
info: Waiting to load...
info: Checking login status..
info: Ok to go = )!
info: Starting puppeteer!
info: Opening browser
info: Opening whatsapp web...
info: Waiting to load...
info: Checking login status..
info: Ok to go = )!
info: Starting puppeteer!
info: Opening browser
info: Opening whatsapp web...
info: Waiting to load...
info: Checking login status..
info: Ok to go = )!
info: Starting puppeteer!
info: Opening browser
info: Opening whatsapp web...
info: Waiting to load...
info: Checking login status..
info: Ok to go = )!
info: Starting puppeteer!
info: Opening browser
info: Opening whatsapp web...
info: Waiting to load...
info: Checking login status..
info: Ok to go = )!
info: Starting puppeteer!
info: Opening browser
info: Opening whatsapp web...
info: Waiting to load...
info: Checking login status..
info: Ok to go = )!
info: Starting puppeteer!
info: Opening browser
info: Opening whatsapp web...
info: Waiting to load...
info: Checking login status..
info: Ok to go = )!
info: Starting puppeteer!
info: Opening browser
info: Opening whatsapp web...
info: Waiting to load...
info: Checking login status..
info: Ok to go = )!
info: Starting puppeteer!
info: Opening browser
info: Opening whatsapp web...
info: Waiting to load...
info: Checking login status..
info: Ok to go = )!
info: Starting puppeteer!
info: Opening browser
info: Opening whatsapp web...
info: Waiting to load...
info: Checking login status..
info: Ok to go = )!
info: Starting puppeteer!
info: Opening browser
info: Opening whatsapp web...
info: Waiting to load...
info: Checking login status..
info: Ok to go = )!
info: Sending oi
tudo bem? to 9943-4446
info: Starting puppeteer!
info: Opening browser
info: Opening whatsapp web...
info: Waiting to load...
info: Checking login status..
info: Ok to go = )!
info: Sending oi
tudo bem? to 9943-4446
info: Starting puppeteer!
info: Opening browser
info: Opening whatsapp web...
info: Waiting to load...
info: Checking login status..
info: Ok to go = )!
info: Sending 'oi
tudo bem?' to 9943-4446
info: Starting puppeteer!
info: Opening browser
info: Opening whatsapp web...
info: Waiting to load...
info: Checking login status..
info: Ok to go = )!
info: Sending 'oi
tudo bem?' to ndsansdaknslsa
error: No node found for selector: #pane-side span[title][dir]
info: Starting puppeteer!
info: Opening browser
info: Opening whatsapp web...
info: Waiting to load...
info: Checking login status..
info: Ok to go = )!
info: Sending 'oi
tudo bem?' to ndsansdaknslsa
info: Starting puppeteer!
info: Opening browser
info: Opening whatsapp web...
info: Waiting to load...
info: Checking login status..
info: Ok to go = )!
info: Sending 'oi
tudo bem?' to ndsansdaknslsa
error: No node found for selector: #pane-side span[title][dir]
info: Starting puppeteer!
info: Opening browser
info: Opening whatsapp web...
info: Waiting to load...
info: Checking login status..
info: Ok to go = )!
info: Sending 'oi
tudo bem?' to 9943-4446
info: Sending 'Uhul!' to asdasdasdsda
error: No node found for selector: #pane-side span[title][dir]
info: Sending 'Uhul!' to 9827-0162
